2026-06-03 12:44:05 [INFO] wpc_admin: GET / 200 105ms
2026-06-03 12:44:05 [INFO] httpx: HTTP Request: GET http://testserver/ "HTTP/1.1 200 OK"
2026-06-03 12:47:06 [INFO] wpc_admin: WPC Admin starting up
2026-06-03 12:47:06 [INFO] wpc_admin: WPC Admin ready
2026-06-03 12:47:48 [INFO] wpc_admin: WPC Admin shutting down
2026-06-03 12:47:58 [INFO] wpc_admin: WPC Admin starting up
2026-06-03 12:47:58 [INFO] wpc_admin: WPC Admin ready
2026-06-03 12:49:28 [INFO] wpc_admin: GET / 200 63ms
2026-06-03 12:49:28 [INFO] httpx: HTTP Request: GET http://testserver/ "HTTP/1.1 200 OK"
2026-06-03 12:52:56 [INFO] wpc_admin: WPC Admin starting up
2026-06-03 12:52:56 [INFO] wpc_admin: WPC Admin ready
2026-06-03 12:52:58 [INFO] wpc_admin: GET / 200 53ms
2026-06-03 12:52:59 [INFO] wpc_admin: GET /health 200 2ms
2026-06-03 12:53:21 [INFO] wpc_admin: WPC Admin shutting down
2026-06-03 12:53:41 [INFO] wpc_admin: WPC Admin starting up
2026-06-03 12:53:41 [INFO] wpc_admin: WPC Admin ready
2026-06-03 13:01:03 [INFO] wpc_admin: WPC Admin starting up
2026-06-03 13:01:03 [INFO] wpc_admin: WPC Admin ready
2026-06-03 13:01:26 [INFO] wpc_admin: GET / 200 221ms
2026-06-03 13:01:27 [INFO] wpc_admin: GET /favicon.ico 404 1ms
2026-06-03 13:01:41 [INFO] wpc_admin: GET /projects/3/detail 200 50ms
2026-06-03 13:02:00 [INFO] wpc_admin: GET /calendar 200 6ms
2026-06-03 13:02:00 [INFO] wpc_admin: GET /api/calendar/entries 200 7ms
2026-06-03 13:02:00 [INFO] wpc_admin: GET /api/projects/eligible 200 8ms
2026-06-03 13:02:02 [INFO] wpc_admin: GET /api/calendar/entries 200 4ms
2026-06-03 13:02:07 [INFO] wpc_admin: GET /api/calendar/entries 200 3ms
2026-06-03 13:02:08 [INFO] wpc_admin: GET /api/calendar/entries 200 4ms
2026-06-03 13:02:21 [INFO] wpc_admin: GET / 200 40ms
2026-06-03 13:03:38 [INFO] wpc_admin: GET /finance 200 63ms
2026-06-03 13:03:57 [INFO] wpc_admin: GET /map 200 74ms
2026-06-03 13:03:57 [INFO] wpc_admin: GET /api/jobs/map/missing 200 17ms
2026-06-03 13:03:57 [INFO] wpc_admin: GET /api/jobs/map 200 23ms
2026-06-03 13:03:58 [INFO] wpc_admin: GET /finance 200 33ms
2026-06-03 13:04:00 [INFO] wpc_admin: GET /calendar 200 2ms
2026-06-03 13:04:00 [INFO] wpc_admin: GET /api/calendar/entries 200 6ms
2026-06-03 13:04:00 [INFO] wpc_admin: GET /api/projects/eligible 200 12ms
2026-06-03 13:04:02 [INFO] wpc_admin: GET / 200 45ms
2026-06-03 13:05:04 [INFO] wpc_admin: GET /finance 200 34ms
2026-06-03 13:05:07 [INFO] wpc_admin: GET / 200 48ms
2026-06-03 13:06:37 [INFO] wpc_admin: GET / 200 79ms
2026-06-03 13:06:50 [INFO] wpc_admin: GET /projects/3/detail 200 7ms
2026-06-03 13:11:56 [INFO] wpc_admin: GET / 200 77ms
2026-06-03 13:12:55 [INFO] wpc_admin: GET / 200 47ms
2026-06-03 13:13:08 [INFO] wpc_admin: GET /projects/7/detail 200 10ms
2026-06-03 13:13:15 [INFO] wpc_admin: GET /calendar 200 1ms
2026-06-03 13:13:15 [INFO] wpc_admin: GET /api/projects/eligible 200 5ms
2026-06-03 13:13:15 [INFO] wpc_admin: GET /api/calendar/entries 200 4ms
2026-06-03 13:13:16 [INFO] wpc_admin: GET /map 200 1ms
2026-06-03 13:13:16 [INFO] wpc_admin: GET /api/jobs/map/missing 200 6ms
2026-06-03 13:13:16 [INFO] wpc_admin: GET /api/jobs/map 200 8ms
2026-06-03 13:13:17 [INFO] wpc_admin: GET /finance 200 28ms
2026-06-03 13:13:23 [INFO] wpc_admin: GET / 200 49ms
2026-06-03 13:13:27 [INFO] wpc_admin: GET / 200 43ms
2026-06-03 13:13:31 [INFO] wpc_admin: GET /projects/new 200 43ms
2026-06-03 13:13:46 [INFO] wpc_admin: GET / 200 81ms
2026-06-03 13:16:37 [INFO] wpc_admin: GET / 200 35ms
2026-06-03 13:16:51 [INFO] wpc_admin: GET / 200 43ms
2026-06-03 13:17:49 [INFO] wpc_admin: WPC Admin shutting down
2026-06-03 13:17:51 [INFO] wpc_admin: WPC Admin starting up
2026-06-03 13:17:51 [INFO] wpc_admin: WPC Admin ready
2026-06-03 13:18:59 [INFO] wpc_admin: GET / 200 82ms
2026-06-03 13:19:00 [INFO] wpc_admin: GET /csapatok 200 58ms
2026-06-03 13:19:19 [INFO] wpc_admin: WPC Admin shutting down
2026-06-03 13:19:20 [INFO] wpc_admin: WPC Admin starting up
2026-06-03 13:19:20 [INFO] wpc_admin: WPC Admin ready
2026-06-03 15:08:12 [INFO] wpc_admin: GET / 200 119ms
2026-06-03 15:08:18 [INFO] wpc_admin: GET /csapatok 200 67ms
2026-06-03 15:08:21 [INFO] wpc_admin: GET /csapatok 200 14ms
2026-06-03 15:08:22 [INFO] wpc_admin: GET /csapatok 200 16ms
2026-06-03 15:08:23 [INFO] wpc_admin: GET /csapatok 200 17ms
2026-06-03 15:08:23 [INFO] wpc_admin: GET /csapatok 200 17ms
2026-06-03 15:08:24 [INFO] wpc_admin: GET /csapatok 200 15ms
2026-06-03 15:08:26 [INFO] wpc_admin: GET /csapatok 200 13ms
2026-06-03 15:08:27 [INFO] wpc_admin: GET /csapatok 200 13ms
2026-06-03 15:09:00 [INFO] wpc_admin: GET / 200 47ms
2026-06-03 15:09:28 [INFO] wpc_admin: GET /calendar 200 109ms
2026-06-03 15:09:28 [INFO] wpc_admin: GET /api/projects/eligible 200 5ms
2026-06-03 15:09:28 [INFO] wpc_admin: GET /api/calendar/entries 200 10ms
2026-06-03 15:10:59 [INFO] wpc_admin: GET / 200 37ms
2026-06-03 15:15:29 [INFO] wpc_admin: GET /projects/1/detail 200 60ms
2026-06-03 15:15:35 [INFO] wpc_admin: GET /projects/1/edit 200 60ms
2026-06-03 15:15:52 [INFO] wpc_admin: GET / 200 45ms
2026-06-03 15:15:53 [INFO] wpc_admin: GET /projects/1/detail 200 7ms
2026-06-03 15:16:06 [INFO] wpc_admin: GET /projects/1/edit 200 4ms
2026-06-03 15:16:09 [INFO] wpc_admin: GET / 200 48ms
2026-06-03 15:16:31 [INFO] wpc_admin: GET /calendar 200 1ms
2026-06-03 15:16:31 [INFO] wpc_admin: GET /api/projects/eligible 200 4ms
2026-06-03 15:16:31 [INFO] wpc_admin: GET /api/calendar/entries 200 6ms
2026-06-03 15:16:33 [INFO] wpc_admin: GET / 200 39ms
2026-06-03 15:16:37 [INFO] wpc_admin: GET /projects/3/detail 200 7ms
2026-06-03 15:16:40 [INFO] wpc_admin: GET /projects/3/edit 200 5ms
2026-06-03 15:17:08 [INFO] wpc_admin: GET /calendar 200 2ms
2026-06-03 15:17:08 [INFO] wpc_admin: GET /api/projects/eligible 200 6ms
2026-06-03 15:17:08 [INFO] wpc_admin: GET /api/calendar/entries 200 5ms
2026-06-03 15:17:14 [INFO] wpc_admin: Calendar entry updated: id=4 date=2026-06-03 crew=Jenő type=munka
2026-06-03 15:17:14 [INFO] wpc_admin: POST /api/calendar/entries 200 29ms
2026-06-03 15:17:14 [INFO] wpc_admin: Calendar entry created: id=8 date=2026-06-04 crew=Jenő type=munka
2026-06-03 15:17:14 [INFO] wpc_admin: POST /api/calendar/entries 200 16ms
2026-06-03 15:17:14 [INFO] wpc_admin: Calendar entry created: id=9 date=2026-06-05 crew=Jenő type=munka
2026-06-03 15:17:14 [INFO] wpc_admin: POST /api/calendar/entries 200 18ms
2026-06-03 15:17:14 [INFO] wpc_admin: Calendar entry created: id=10 date=2026-06-06 crew=Jenő type=munka
2026-06-03 15:17:14 [INFO] wpc_admin: POST /api/calendar/entries 200 8ms
2026-06-03 15:17:14 [INFO] wpc_admin: GET /api/calendar/entries 200 4ms
2026-06-03 15:17:18 [INFO] wpc_admin: GET /api/calendar/entries 200 5ms
2026-06-03 15:17:20 [INFO] wpc_admin: GET /api/calendar/entries 200 5ms
2026-06-03 15:17:21 [INFO] wpc_admin: GET /api/calendar/entries 200 3ms
2026-06-03 15:17:22 [INFO] wpc_admin: GET /api/calendar/entries 200 3ms
2026-06-03 15:17:26 [INFO] wpc_admin: GET /api/calendar/entries 200 4ms
2026-06-03 15:17:31 [INFO] wpc_admin: GET /api/calendar/entries 200 6ms
2026-06-03 15:17:33 [INFO] wpc_admin: GET /api/calendar/entries 200 4ms
2026-06-03 15:17:34 [INFO] wpc_admin: GET /csapatok 200 17ms
2026-06-03 15:18:11 [INFO] wpc_admin: GET /map 200 82ms
2026-06-03 15:18:11 [INFO] wpc_admin: GET /api/jobs/map 200 9ms
2026-06-03 15:18:11 [INFO] wpc_admin: GET /api/jobs/map/missing 200 8ms
2026-06-03 15:18:24 [INFO] wpc_admin: GET /projects/76/edit 200 6ms
2026-06-03 15:18:36 [INFO] wpc_admin: GET / 200 46ms
2026-06-03 15:18:39 [INFO] wpc_admin: GET /finance 200 47ms
2026-06-03 15:24:28 [INFO] wpc_admin: GET / 200 76ms
2026-06-03 15:26:27 [INFO] wpc_admin: WPC Admin shutting down
2026-06-03 15:26:29 [INFO] wpc_admin: WPC Admin starting up
2026-06-03 15:26:29 [INFO] wpc_admin: WPC Admin ready
2026-06-03 15:31:32 [INFO] wpc_admin: GET / 200 86ms
2026-06-03 15:31:32 [INFO] wpc_admin: GET /icons/wpc-kivitelezok_logo_feher.png 200 62ms
2026-06-03 15:33:03 [INFO] wpc_admin: GET /calendar 200 7ms
2026-06-03 15:33:03 [INFO] wpc_admin: GET /icons/wpc-kivitelezok_logo_feher.png 304 2ms
2026-06-03 15:33:03 [INFO] wpc_admin: GET /api/projects/eligible 200 7ms
2026-06-03 15:33:03 [INFO] wpc_admin: GET /api/calendar/entries 200 11ms
2026-06-03 15:33:05 [INFO] wpc_admin: GET / 200 72ms
2026-06-03 15:33:10 [INFO] wpc_admin: GET /calendar 200 3ms
2026-06-03 15:33:10 [INFO] wpc_admin: GET /api/calendar/entries 200 5ms
2026-06-03 15:33:10 [INFO] wpc_admin: GET /api/projects/eligible 200 10ms
2026-06-03 15:35:50 [INFO] wpc_admin: GET / 200 40ms
2026-06-03 15:35:50 [INFO] wpc_admin: GET /icons/wpc-kivitelezok_logo_feher.png 304 2ms
2026-06-03 15:36:36 [INFO] wpc_admin: GET /calendar 200 1ms
2026-06-03 15:36:36 [INFO] wpc_admin: GET /api/calendar/entries 200 9ms
2026-06-03 15:36:36 [INFO] wpc_admin: GET /api/projects/eligible 200 14ms
2026-06-03 15:36:41 [INFO] wpc_admin: GET / 200 45ms
2026-06-03 15:37:11 [INFO] wpc_admin: GET / 200 39ms
2026-06-03 15:37:11 [INFO] wpc_admin: GET /icons/wpc-kivitelezok_logo_feher.png 304 3ms
2026-06-03 15:39:41 [INFO] wpc_admin: GET / 200 50ms
2026-06-03 15:39:42 [INFO] wpc_admin: GET /icons/wpc-kivitelezok_logo_feher.png 200 4ms
2026-06-03 15:39:42 [INFO] wpc_admin: GET /favicon.ico 404 1ms
2026-06-03 15:39:51 [INFO] wpc_admin: GET /calendar 200 2ms
2026-06-03 15:39:51 [INFO] wpc_admin: GET /icons/wpc-kivitelezok_logo_feher.png 304 2ms
2026-06-03 15:39:51 [INFO] wpc_admin: GET /api/projects/eligible 200 4ms
2026-06-03 15:39:51 [INFO] wpc_admin: GET /api/calendar/entries 200 7ms
2026-06-03 15:39:52 [INFO] wpc_admin: GET / 200 66ms
2026-06-03 15:40:51 [INFO] wpc_admin: GET /calendar 200 2ms
2026-06-03 15:40:51 [INFO] wpc_admin: GET /api/projects/eligible 200 5ms
2026-06-03 15:40:51 [INFO] wpc_admin: GET /api/calendar/entries 200 7ms
2026-06-03 15:40:52 [INFO] wpc_admin: GET /csapatok 200 49ms
2026-06-03 15:40:53 [INFO] wpc_admin: GET /map 200 12ms
2026-06-03 15:40:53 [INFO] wpc_admin: GET /api/jobs/map/missing 200 12ms
2026-06-03 15:40:53 [INFO] wpc_admin: GET /api/jobs/map 200 15ms
2026-06-03 15:40:54 [INFO] wpc_admin: GET /finance 200 48ms
2026-06-03 15:40:55 [INFO] wpc_admin: GET / 200 43ms
2026-06-03 15:41:09 [INFO] wpc_admin: GET /calendar 200 1ms
2026-06-03 15:41:09 [INFO] wpc_admin: GET /api/projects/eligible 200 6ms
2026-06-03 15:41:09 [INFO] wpc_admin: GET /api/calendar/entries 200 6ms
2026-06-03 15:41:10 [INFO] wpc_admin: GET /csapatok 200 17ms
2026-06-03 15:41:11 [INFO] wpc_admin: GET /map 200 1ms
2026-06-03 15:41:11 [INFO] wpc_admin: GET /api/jobs/map 200 7ms
2026-06-03 15:41:11 [INFO] wpc_admin: GET /api/jobs/map/missing 200 7ms
2026-06-03 15:41:13 [INFO] wpc_admin: GET /finance 200 28ms
2026-06-03 15:41:16 [INFO] wpc_admin: GET /map 200 1ms
2026-06-03 15:41:16 [INFO] wpc_admin: GET /api/jobs/map/missing 200 9ms
2026-06-03 15:41:16 [INFO] wpc_admin: GET /api/jobs/map 200 10ms
2026-06-03 15:41:17 [INFO] wpc_admin: GET /csapatok 200 17ms
2026-06-03 15:41:17 [INFO] wpc_admin: GET /calendar 200 2ms
2026-06-03 15:41:17 [INFO] wpc_admin: GET /api/calendar/entries 200 4ms
2026-06-03 15:41:17 [INFO] wpc_admin: GET /api/projects/eligible 200 9ms
2026-06-03 15:41:18 [INFO] wpc_admin: GET / 200 69ms
2026-06-03 15:42:03 [INFO] wpc_admin: GET /calendar 200 1ms
2026-06-03 15:42:03 [INFO] wpc_admin: GET /icons/wpc-kivitelezok_logo_feher.png 304 1ms
2026-06-03 15:42:03 [INFO] wpc_admin: GET /api/projects/eligible 200 5ms
2026-06-03 15:42:03 [INFO] wpc_admin: GET /api/calendar/entries 200 3ms
2026-06-03 15:42:04 [INFO] wpc_admin: GET /csapatok 200 20ms
2026-06-03 15:42:04 [INFO] wpc_admin: GET /map 200 2ms
2026-06-03 15:42:04 [INFO] wpc_admin: GET /api/jobs/map 200 10ms
2026-06-03 15:42:04 [INFO] wpc_admin: GET /api/jobs/map/missing 200 12ms
2026-06-03 15:42:05 [INFO] wpc_admin: GET /finance 200 29ms
2026-06-03 15:42:09 [INFO] wpc_admin: GET /map 200 2ms
2026-06-03 15:42:09 [INFO] wpc_admin: GET /api/jobs/map/missing 200 6ms
2026-06-03 15:42:09 [INFO] wpc_admin: GET /api/jobs/map 200 7ms
2026-06-03 15:42:09 [INFO] wpc_admin: GET /csapatok 200 21ms
2026-06-03 15:42:10 [INFO] wpc_admin: GET /calendar 200 1ms
2026-06-03 15:42:10 [INFO] wpc_admin: GET /api/calendar/entries 200 5ms
2026-06-03 15:42:10 [INFO] wpc_admin: GET /api/projects/eligible 200 10ms
2026-06-03 15:42:10 [INFO] wpc_admin: GET / 200 40ms
2026-06-03 15:42:20 [INFO] wpc_admin: GET /csapatok 200 18ms
2026-06-03 15:43:22 [INFO] wpc_admin: GET / 200 43ms
2026-06-03 15:44:11 [INFO] wpc_admin: GET / 200 43ms
2026-06-03 15:44:11 [INFO] wpc_admin: GET /icons/wpc-kivitelezok_logo_feher.png 304 4ms
2026-06-03 15:44:15 [INFO] wpc_admin: GET / 200 43ms
2026-06-03 15:44:15 [INFO] wpc_admin: GET /icons/wpc-kivitelezok_logo_feher.png 304 2ms
2026-06-03 15:45:14 [INFO] wpc_admin: GET / 200 39ms
2026-06-03 15:51:07 [INFO] wpc_admin: GET / 200 40ms
2026-06-03 15:51:07 [INFO] wpc_admin: GET /icons/wpc-kivitelezok_logo_feher.png 304 1ms
2026-06-03 15:51:08 [INFO] wpc_admin: GET / 200 41ms
2026-06-03 15:51:09 [INFO] wpc_admin: GET /calendar 200 2ms
2026-06-03 15:51:09 [INFO] wpc_admin: GET /api/calendar/entries 200 6ms
2026-06-03 15:51:09 [INFO] wpc_admin: GET /api/projects/eligible 200 10ms
2026-06-03 15:51:10 [INFO] wpc_admin: GET /csapatok 200 17ms
2026-06-03 15:51:11 [INFO] wpc_admin: GET /map 200 1ms
2026-06-03 15:51:11 [INFO] wpc_admin: GET /api/jobs/map/missing 200 9ms
2026-06-03 15:51:11 [INFO] wpc_admin: GET /api/jobs/map 200 11ms
2026-06-03 15:51:13 [INFO] wpc_admin: GET / 200 41ms
2026-06-03 15:51:17 [INFO] wpc_admin: GET /calendar 200 2ms
2026-06-03 15:51:17 [INFO] wpc_admin: GET /api/calendar/entries 200 6ms
2026-06-03 15:51:17 [INFO] wpc_admin: GET /api/projects/eligible 200 9ms
2026-06-03 15:51:18 [INFO] wpc_admin: GET /calendar 200 2ms
2026-06-03 15:51:18 [INFO] wpc_admin: GET /api/calendar/entries 200 5ms
2026-06-03 15:51:18 [INFO] wpc_admin: GET /api/projects/eligible 200 8ms
2026-06-03 15:51:19 [INFO] wpc_admin: GET / 200 41ms
2026-06-03 15:51:21 [INFO] wpc_admin: GET / 200 39ms
2026-06-03 15:51:21 [INFO] wpc_admin: GET /icons/wpc-kivitelezok_logo_feher.png 304 2ms
2026-06-03 15:52:53 [INFO] wpc_admin: GET / 200 46ms
2026-06-03 15:53:48 [INFO] wpc_admin: GET /calendar 200 1ms
2026-06-03 15:53:48 [INFO] wpc_admin: GET /api/calendar/entries 200 6ms
2026-06-03 15:53:48 [INFO] wpc_admin: GET /api/projects/eligible 200 10ms
2026-06-03 15:54:39 [INFO] wpc_admin: GET / 200 45ms
2026-06-03 15:54:39 [INFO] wpc_admin: GET /icons/wpc-kivitelezok_logo_feher.png 304 1ms
2026-06-03 15:54:40 [INFO] wpc_admin: GET /projects/3/detail 200 26ms
2026-06-03 15:55:09 [INFO] wpc_admin: GET /calendar 200 1ms
2026-06-03 15:55:09 [INFO] wpc_admin: GET /api/calendar/entries 200 24ms
2026-06-03 15:55:09 [INFO] wpc_admin: GET /api/projects/eligible 200 26ms
2026-06-03 15:55:10 [INFO] wpc_admin: GET /csapatok 200 17ms
2026-06-03 15:55:11 [INFO] wpc_admin: GET /map 200 2ms
2026-06-03 15:55:11 [INFO] wpc_admin: GET /api/jobs/map/missing 200 5ms
2026-06-03 15:55:11 [INFO] wpc_admin: GET /api/jobs/map 200 6ms
2026-06-03 15:55:44 [INFO] wpc_admin: GET / 200 45ms
2026-06-03 15:55:47 [INFO] wpc_admin: GET /calendar 200 1ms
2026-06-03 15:55:47 [INFO] wpc_admin: GET /api/calendar/entries 200 9ms
2026-06-03 15:55:47 [INFO] wpc_admin: GET /api/projects/eligible 200 10ms
2026-06-03 15:55:49 [INFO] wpc_admin: GET /csapatok 200 18ms
2026-06-03 15:55:51 [INFO] wpc_admin: GET /map 200 1ms
2026-06-03 15:55:51 [INFO] wpc_admin: GET /api/jobs/map/missing 200 6ms
2026-06-03 15:55:51 [INFO] wpc_admin: GET /api/jobs/map 200 8ms
2026-06-03 15:55:53 [INFO] wpc_admin: GET /finance 200 31ms
2026-06-03 15:55:58 [INFO] wpc_admin: GET / 200 51ms
2026-06-03 15:58:14 [INFO] wpc_admin: WPC Admin shutting down
2026-06-03 15:58:18 [INFO] wpc_admin: WPC Admin starting up
2026-06-03 15:58:18 [INFO] wpc_admin: WPC Admin ready
2026-06-03 15:58:24 [INFO] wpc_admin: WPC Admin shutting down
2026-06-03 15:58:26 [INFO] wpc_admin: WPC Admin starting up
2026-06-03 15:58:26 [INFO] wpc_admin: WPC Admin ready
2026-06-03 15:59:20 [INFO] wpc_admin: GET / 200 119ms
2026-06-03 15:59:20 [INFO] wpc_admin: GET /icons/wpc-kivitelezok_logo_feher.png 304 4ms
2026-06-03 15:59:27 [INFO] wpc_admin: GET /api/admin/backup 200 172ms
2026-06-03 15:59:54 [INFO] wpc_admin: GET / 200 48ms
2026-06-03 15:59:55 [INFO] wpc_admin: GET / 200 41ms
2026-06-03 16:00:44 [INFO] wpc_admin: GET / 200 49ms
2026-06-03 16:01:13 [INFO] wpc_admin: GET / 200 42ms
2026-06-03 16:01:13 [INFO] wpc_admin: GET /icons/wpc-kivitelezok_logo_feher.png 304 3ms
2026-06-03 16:01:19 [INFO] wpc_admin: GET /projects/3/detail 200 24ms
2026-06-03 16:01:42 [INFO] wpc_admin: GET / 200 40ms
2026-06-03 16:06:22 [INFO] wpc_admin: GET / 200 48ms
2026-06-03 16:06:22 [INFO] wpc_admin: GET /icons/wpc-kivitelezok_logo_feher.png 304 2ms
2026-06-03 16:08:16 [INFO] wpc_admin: GET / 200 33ms
2026-06-03 16:08:16 [INFO] wpc_admin: GET /icons/wpc-kivitelezok_logo_feher.png 304 5ms
2026-06-03 16:08:45 [INFO] wpc_admin: GET / 200 42ms
2026-06-03 16:09:01 [INFO] wpc_admin: GET /calendar 200 8ms
2026-06-03 16:09:01 [INFO] wpc_admin: GET /api/projects/eligible 200 7ms
2026-06-03 16:09:01 [INFO] wpc_admin: GET /api/calendar/entries 200 10ms
2026-06-03 16:09:03 [INFO] wpc_admin: GET /csapatok 200 48ms
2026-06-03 16:09:04 [INFO] wpc_admin: GET /map 200 12ms
2026-06-03 16:09:04 [INFO] wpc_admin: GET /api/jobs/map/missing 200 14ms
2026-06-03 16:09:04 [INFO] wpc_admin: GET /api/jobs/map 200 20ms
2026-06-03 16:09:05 [INFO] wpc_admin: GET /finance 200 48ms
2026-06-03 16:09:07 [INFO] wpc_admin: GET / 200 49ms
2026-06-03 16:13:59 [INFO] wpc_admin: GET /projects/1/detail 200 5ms
2026-06-03 16:14:10 [INFO] wpc_admin: GET / 200 41ms
2026-06-03 16:14:10 [INFO] wpc_admin: GET /icons/wpc-kivitelezok_logo_feher.png 304 1ms
2026-06-03 16:14:11 [INFO] wpc_admin: GET / 200 41ms
2026-06-03 16:14:13 [INFO] wpc_admin: GET / 200 43ms
2026-06-03 16:14:15 [INFO] wpc_admin: GET /calendar 200 1ms
2026-06-03 16:14:15 [INFO] wpc_admin: GET /api/calendar/entries 200 10ms
2026-06-03 16:14:15 [INFO] wpc_admin: GET /api/projects/eligible 200 11ms
2026-06-03 16:14:16 [INFO] wpc_admin: GET /csapatok 200 18ms
2026-06-03 16:14:16 [INFO] wpc_admin: GET /map 200 2ms
2026-06-03 16:14:16 [INFO] wpc_admin: GET /api/jobs/map/missing 200 7ms
2026-06-03 16:14:16 [INFO] wpc_admin: GET /api/jobs/map 200 10ms
2026-06-03 16:14:17 [INFO] wpc_admin: GET /finance 200 33ms
2026-06-03 16:14:19 [INFO] wpc_admin: GET / 200 51ms
2026-06-03 16:14:28 [INFO] wpc_admin: GET /calendar 200 1ms
2026-06-03 16:14:28 [INFO] wpc_admin: GET /api/projects/eligible 200 5ms
2026-06-03 16:14:28 [INFO] wpc_admin: GET /api/calendar/entries 200 5ms
2026-06-03 16:15:51 [INFO] wpc_admin: GET /calendar 200 2ms
2026-06-03 16:15:51 [INFO] wpc_admin: GET /api/calendar/entries 200 5ms
2026-06-03 16:15:51 [INFO] wpc_admin: GET /api/projects/eligible 200 10ms
2026-06-03 16:16:15 [INFO] wpc_admin: GET /calendar 200 2ms
2026-06-03 16:16:15 [INFO] wpc_admin: GET /api/projects/eligible 200 5ms
2026-06-03 16:16:15 [INFO] wpc_admin: GET /api/calendar/entries 200 9ms
2026-06-03 16:16:16 [INFO] wpc_admin: GET /calendar 200 2ms
2026-06-03 16:16:16 [INFO] wpc_admin: GET /api/projects/eligible 200 11ms
2026-06-03 16:16:16 [INFO] wpc_admin: GET /api/calendar/entries 200 11ms
2026-06-03 16:17:12 [INFO] wpc_admin: GET /calendar 200 2ms
2026-06-03 16:17:12 [INFO] wpc_admin: GET /api/calendar/entries 200 6ms
2026-06-03 16:17:12 [INFO] wpc_admin: GET /api/projects/eligible 200 9ms
2026-06-03 16:17:13 [INFO] wpc_admin: GET /calendar 200 1ms
2026-06-03 16:17:13 [INFO] wpc_admin: GET /api/calendar/entries 200 6ms
2026-06-03 16:17:13 [INFO] wpc_admin: GET /api/projects/eligible 200 11ms
2026-06-03 16:18:33 [INFO] wpc_admin: WPC Admin shutting down
